[19:29:22] [main/INFO]: Setting user: ForgeDevName
[19:29:23] [Client thread/INFO]: LWJGL Version: 2.9.1
[19:29:24] [Client thread/ERROR]: Couldn't initialize twitch stream
[19:29:29] [Client thread/INFO]: Reloading ResourceManager: Default, FMLFileResourcePack:Forge Mod Loader, FMLFileResourcePack:Minecraft Forge, FMLFileResourcePack:buffymod
[19:29:30] [Sound Library Loader/INFO]: Sound engine started
[19:29:30] [Client thread/ERROR]: Using missing texture, unable to load minecraft:textures/blocks/MISSING_ICON_BLOCK_165_blockTest.png
java.io.FileNotFoundException: minecraft:textures/blocks/MISSING_ICON_BLOCK_165_blockTest.png
	at net.minecraft.client.resources.FallbackResourceManager.getResource(FallbackResourceManager.java:65) ~[FallbackResourceManager.class:?]
	at net.minecraft.client.resources.SimpleReloadableResourceManager.getResource(SimpleReloadableResourceManager.java:67) ~[SimpleReloadableResourceManager.class:?]
	at net.minecraft.client.renderer.texture.TextureMap.loadTextureAtlas(TextureMap.java:126) [TextureMap.class:?]
	at net.minecraft.client.renderer.texture.TextureMap.loadTexture(TextureMap.java:91) [TextureMap.class:?]
	at net.minecraft.client.renderer.texture.TextureManager.loadTexture(TextureManager.java:89) [TextureManager.class:?]
	at net.minecraft.client.renderer.texture.TextureManager.loadTickableTexture(TextureManager.java:71) [TextureManager.class:?]
	at net.minecraft.client.renderer.texture.TextureManager.loadTextureMap(TextureManager.java:58) [TextureManager.class:?]
	at net.minecraft.client.Minecraft.startGame(Minecraft.java:592) [Minecraft.class:?]
	at net.minecraft.client.Minecraft.run(Minecraft.java:941) [Minecraft.class:?]
	at net.minecraft.client.main.Main.main(Main.java:164) [Main.class:?]
	at sun.reflect.NativeMethodAccessorImpl.invoke0(Native Method) ~[?:1.7.0_51]
	at sun.reflect.NativeMethodAccessorImpl.invoke(NativeMethodAccessorImpl.java:57) ~[?:1.7.0_51]
	at sun.reflect.DelegatingMethodAccessorImpl.invoke(DelegatingMethodAccessorImpl.java:43) ~[?:1.7.0_51]
	at java.lang.reflect.Method.invoke(Method.java:606) ~[?:1.7.0_51]
	at net.minecraft.launchwrapper.Launch.launch(Launch.java:134) [launchwrapper-1.9.jar:?]
	at net.minecraft.launchwrapper.Launch.main(Launch.java:28) [launchwrapper-1.9.jar:?]
	at sun.reflect.NativeMethodAccessorImpl.invoke0(Native Method) ~[?:1.7.0_51]
	at sun.reflect.NativeMethodAccessorImpl.invoke(NativeMethodAccessorImpl.java:57) ~[?:1.7.0_51]
	at sun.reflect.DelegatingMethodAccessorImpl.invoke(DelegatingMethodAccessorImpl.java:43) ~[?:1.7.0_51]
	at java.lang.reflect.Method.invoke(Method.java:606) ~[?:1.7.0_51]
	at GradleStart.bounce(GradleStart.java:108) [start/:?]
	at GradleStart.startClient(GradleStart.java:101) [start/:?]
	at GradleStart.main(GradleStart.java:56) [start/:?]
	at sun.reflect.NativeMethodAccessorImpl.invoke0(Native Method) ~[?:1.7.0_51]
	at sun.reflect.NativeMethodAccessorImpl.invoke(NativeMethodAccessorImpl.java:57) ~[?:1.7.0_51]
	at sun.reflect.DelegatingMethodAccessorImpl.invoke(DelegatingMethodAccessorImpl.java:43) ~[?:1.7.0_51]
	at java.lang.reflect.Method.invoke(Method.java:606) ~[?:1.7.0_51]
	at com.intellij.rt.execution.application.AppMain.main(AppMain.java:134) [idea_rt.jar:?]
[19:29:30] [Client thread/INFO]: Created: 512x256 textures/blocks-atlas
[19:29:30] [Client thread/INFO]: Created: 256x256 textures/items-atlas
[19:29:30] [Client thread/INFO]: Reloading ResourceManager: Default, FMLFileResourcePack:Forge Mod Loader, FMLFileResourcePack:Minecraft Forge, FMLFileResourcePack:buffymod
[19:29:30] [Client thread/INFO]: Created: 256x256 textures/items-atlas
[19:29:31] [Client thread/ERROR]: Using missing texture, unable to load minecraft:textures/blocks/MISSING_ICON_BLOCK_165_blockTest.png
java.io.FileNotFoundException: minecraft:textures/blocks/MISSING_ICON_BLOCK_165_blockTest.png
	at net.minecraft.client.resources.FallbackResourceManager.getResource(FallbackResourceManager.java:65) ~[FallbackResourceManager.class:?]
	at net.minecraft.client.resources.SimpleReloadableResourceManager.getResource(SimpleReloadableResourceManager.java:67) ~[SimpleReloadableResourceManager.class:?]
	at net.minecraft.client.renderer.texture.TextureMap.loadTextureAtlas(TextureMap.java:126) [TextureMap.class:?]
	at net.minecraft.client.renderer.texture.TextureMap.loadTexture(TextureMap.java:91) [TextureMap.class:?]
	at net.minecraft.client.renderer.texture.TextureManager.loadTexture(TextureManager.java:89) [TextureManager.class:?]
	at net.minecraft.client.renderer.texture.TextureManager.onResourceManagerReload(TextureManager.java:170) [TextureManager.class:?]
	at net.minecraft.client.resources.SimpleReloadableResourceManager.notifyReloadListeners(SimpleReloadableResourceManager.java:134) [SimpleReloadableResourceManager.class:?]
	at net.minecraft.client.resources.SimpleReloadableResourceManager.reloadResources(SimpleReloadableResourceManager.java:118) [SimpleReloadableResourceManager.class:?]
	at net.minecraft.client.Minecraft.refreshResources(Minecraft.java:653) [Minecraft.class:?]
	at cpw.mods.fml.client.FMLClientHandler.finishMinecraftLoading(FMLClientHandler.java:303) [FMLClientHandler.class:?]
	at net.minecraft.client.Minecraft.startGame(Minecraft.java:596) [Minecraft.class:?]
	at net.minecraft.client.Minecraft.run(Minecraft.java:941) [Minecraft.class:?]
	at net.minecraft.client.main.Main.main(Main.java:164) [Main.class:?]
	at sun.reflect.NativeMethodAccessorImpl.invoke0(Native Method) ~[?:1.7.0_51]
	at sun.reflect.NativeMethodAccessorImpl.invoke(NativeMethodAccessorImpl.java:57) ~[?:1.7.0_51]
	at sun.reflect.DelegatingMethodAccessorImpl.invoke(DelegatingMethodAccessorImpl.java:43) ~[?:1.7.0_51]
	at java.lang.reflect.Method.invoke(Method.java:606) ~[?:1.7.0_51]
	at net.minecraft.launchwrapper.Launch.launch(Launch.java:134) [launchwrapper-1.9.jar:?]
	at net.minecraft.launchwrapper.Launch.main(Launch.java:28) [launchwrapper-1.9.jar:?]
	at sun.reflect.NativeMethodAccessorImpl.invoke0(Native Method) ~[?:1.7.0_51]
	at sun.reflect.NativeMethodAccessorImpl.invoke(NativeMethodAccessorImpl.java:57) ~[?:1.7.0_51]
	at sun.reflect.DelegatingMethodAccessorImpl.invoke(DelegatingMethodAccessorImpl.java:43) ~[?:1.7.0_51]
	at java.lang.reflect.Method.invoke(Method.java:606) ~[?:1.7.0_51]
	at GradleStart.bounce(GradleStart.java:108) [start/:?]
	at GradleStart.startClient(GradleStart.java:101) [start/:?]
	at GradleStart.main(GradleStart.java:56) [start/:?]
	at sun.reflect.NativeMethodAccessorImpl.invoke0(Native Method) ~[?:1.7.0_51]
	at sun.reflect.NativeMethodAccessorImpl.invoke(NativeMethodAccessorImpl.java:57) ~[?:1.7.0_51]
	at sun.reflect.DelegatingMethodAccessorImpl.invoke(DelegatingMethodAccessorImpl.java:43) ~[?:1.7.0_51]
	at java.lang.reflect.Method.invoke(Method.java:606) ~[?:1.7.0_51]
	at com.intellij.rt.execution.application.AppMain.main(AppMain.java:134) [idea_rt.jar:?]
[19:29:31] [Client thread/INFO]: Created: 512x256 textures/blocks-atlas
[19:29:31] [Sound Library Loader/INFO]: Sound engine started
[19:29:42] [Server thread/INFO]: Starting integrated minecraft server version 1.7.10
[19:29:42] [Server thread/INFO]: Generating keypair
[19:29:42] [Server thread/INFO]: Converting map!
[19:29:42] [Server thread/INFO]: Scanning folders...
[19:29:42] [Server thread/INFO]: Total conversion count is 0
[19:29:43] [Server thread/INFO]: Preparing start region for level 0
[19:29:44] [Server thread/INFO]: Preparing spawn area: 9%
[19:29:45] [Server thread/INFO]: Preparing spawn area: 26%
[19:29:46] [Server thread/INFO]: Preparing spawn area: 43%
[19:29:47] [Server thread/INFO]: Preparing spawn area: 59%
[19:29:48] [Server thread/INFO]: Preparing spawn area: 75%
[19:29:49] [Server thread/INFO]: Preparing spawn area: 93%
[19:29:49] [Server thread/INFO]: Changing view distance to 12, from 10
[19:29:50] [Server thread/INFO]: ForgeDevName[local:E:2622be3d] logged in with entity id 192 at (-129.5, 69.0, 265.5)
[19:29:50] [Server thread/INFO]: ForgeDevName joined the game
[19:29:53] [Client thread/INFO]: Warning: Clientside chunk ticking took 306 ms
[19:29:54] [Client thread/INFO]: Warning: Clientside chunk ticking took 218 ms
[19:29:54] [Client thread/INFO]: Warning: Clientside chunk ticking took 131 ms
[19:29:54] [Client thread/INFO]: Warning: Clientside chunk ticking took 125 ms
[19:29:54] [Client thread/INFO]: Warning: Clientside chunk ticking took 153 ms
[19:29:55] [Client thread/INFO]: Warning: Clientside chunk ticking took 171 ms
[19:29:57] [Client thread/INFO]: Warning: Clientside chunk ticking took 110 ms
[19:29:57] [Client thread/INFO]: Warning: Clientside chunk ticking took 114 ms
[19:29:57] [Client thread/INFO]: Warning: Clientside chunk ticking took 144 ms
[19:29:58] [Client thread/INFO]: Warning: Clientside chunk ticking took 249 ms
[19:29:59] [Client thread/INFO]: Warning: Clientside chunk ticking took 140 ms
[19:30:00] [Client thread/INFO]: Warning: Clientside chunk ticking took 168 ms
[19:30:00] [Client thread/INFO]: Warning: Clientside chunk ticking took 158 ms
[19:30:03] [Server thread/INFO]: ForgeDevName has just earned the achievement [Taking Inventory]
[19:30:03] [Client thread/INFO]: [CHAT] ForgeDevName has just earned the achievement [Taking Inventory]
[19:30:32] [Client thread/INFO]: Warning: Clientside chunk ticking took 103 ms
[19:31:00] [Server thread/INFO]: Saving and pausing game...
[19:31:00] [Server thread/INFO]: Saving chunks for level 'buffyworld'/Overworld
[19:31:00] [Server thread/INFO]: Saving chunks for level 'buffyworld'/Nether
[19:31:00] [Server thread/INFO]: Saving chunks for level 'buffyworld'/The End
[19:31:01] [Server thread/INFO]: Stopping server
[19:31:01] [Server thread/INFO]: Saving players
[19:31:01] [Server thread/INFO]: Saving worlds
[19:31:01] [Server thread/INFO]: Saving chunks for level 'buffyworld'/Overworld
[19:31:01] [Server thread/INFO]: Saving chunks for level 'buffyworld'/Nether
[19:31:01] [Server thread/INFO]: Saving chunks for level 'buffyworld'/The End
[19:31:04] [Client thread/INFO]: Stopping!
