[17:37:43] [main/INFO]: Setting user: ForgeDevName
[17:37:43] [Client thread/INFO]: LWJGL Version: 2.9.1
[17:37:44] [Client thread/ERROR]: Couldn't initialize twitch stream
[17:37:49] [Client thread/INFO]: Reloading ResourceManager: Default, FMLFileResourcePack:Forge Mod Loader, FMLFileResourcePack:Minecraft Forge, FMLFileResourcePack:Buffy Mod
[17:37:49] [Sound Library Loader/INFO]: Sound engine started
[17:37:50] [Client thread/INFO]: Created: 1024x512 textures/blocks-atlas
[17:37:50] [Client thread/INFO]: Created: 512x512 textures/items-atlas
[17:37:50] [Client thread/INFO]: Reloading ResourceManager: Default, FMLFileResourcePack:Forge Mod Loader, FMLFileResourcePack:Minecraft Forge, FMLFileResourcePack:Buffy Mod
[17:37:50] [Client thread/INFO]: Created: 512x512 textures/items-atlas
[17:37:50] [Client thread/INFO]: Created: 1024x512 textures/blocks-atlas
[17:37:51] [Sound Library Loader/INFO]: Sound engine started
[17:37:54] [Server thread/INFO]: Starting integrated minecraft server version 1.7.10
[17:37:54] [Server thread/INFO]: Generating keypair
[17:37:54] [Server thread/INFO]: Preparing start region for level 0
[17:37:55] [Server thread/INFO]: Changing view distance to 12, from 10
[17:37:56] [Server thread/INFO]: ForgeDevName[local:E:a225e396] logged in with entity id 384 at (265.12144666925707, 81.0, -140.1392279924006)
[17:37:56] [Server thread/INFO]: ForgeDevName joined the game
[17:38:19] [Server thread/INFO]: Saving and pausing game...
[17:38:19] [Server thread/INFO]: Saving chunks for level 'buffyworld'/Overworld
[17:38:19] [Server thread/INFO]: Saving chunks for level 'buffyworld'/Nether
[17:38:19] [Server thread/INFO]: Saving chunks for level 'buffyworld'/The End
[17:38:19] [Server thread/INFO]: Stopping server
[17:38:19] [Server thread/INFO]: Saving players
[17:38:19] [Server thread/INFO]: Saving worlds
[17:38:19] [Server thread/INFO]: Saving chunks for level 'buffyworld'/Overworld
[17:38:19] [Server thread/INFO]: Saving chunks for level 'buffyworld'/Nether
[17:38:19] [Server thread/INFO]: Saving chunks for level 'buffyworld'/The End
[17:38:21] [Client thread/INFO]: Stopping!
